<?xml version="1.0" encoding="UTF-8"?>
<!-- Generated by org.testng.reporters.JUnitReportReporter -->
<testsuite skipped="0" hostname="DESKTOP-G7II948" name="qaclickacademy.Mavenjava.AppiumTest" tests="2" failures="0" timestamp="22 Sep 2020 10:50:00 GMT" time="0.001" errors="0">
  <testcase name="NativeAPPTest" time="0.000" classname="qaclickacademy.Mavenjava.AppiumTest"/>
  <testcase name="IOSTest" time="0.001" classname="qaclickacademy.Mavenjava.AppiumTest"/>
</testsuite> <!-- qaclickacademy.Mavenjava.AppiumTest -->
