<?xml version="1.0" encoding="UTF-8"?>
<!-- Generated by org.testng.reporters.JUnitReportReporter -->
<testsuite skipped="0" hostname="DESKTOP-G7II948" name="qaclickacademy.Mavenjava.SeleniumTest" tests="2" failures="0" timestamp="22 Sep 2020 10:49:41 GMT" time="0.002" errors="0">
  <testcase name="UIElemnets" time="0.001" classname="qaclickacademy.Mavenjava.SeleniumTest"/>
  <testcase name="BrowserAutomation" time="0.001" classname="qaclickacademy.Mavenjava.SeleniumTest"/>
</testsuite> <!-- qaclickacademy.Mavenjava.SeleniumTest -->
