<?xml version="1.0" encoding="UTF-8"?>
<!-- Generated by org.testng.reporters.JUnitReportReporter -->
<testsuite skipped="0" hostname="DESKTOP-G7II948" name="qaclickacademy.Mavenjava.RESTAPITest" tests="2" failures="0" timestamp="22 Sep 2020 10:50:00 GMT" time="0.011" errors="0">
  <testcase name="Sample1" time="0.011" classname="qaclickacademy.Mavenjava.RESTAPITest"/>
  <testcase name="Sample2" time="0.000" classname="qaclickacademy.Mavenjava.RESTAPITest"/>
</testsuite> <!-- qaclickacademy.Mavenjava.RESTAPITest -->
